<?xml version="1.0" encoding="UTF-8"?>
<testng-results ignored="0" total="1" passed="1" failed="0" skipped="0">
  <reporter-output>
  </reporter-output>
  <suite started-at="2023-08-08T17:57:46 IST" name="Default suite" finished-at="2023-08-08T17:57:46 IST" duration-ms="82">
    <groups>
    </groups>
    <test started-at="2023-08-08T17:57:46 IST" name="Default test" finished-at="2023-08-08T17:57:46 IST" duration-ms="82">
      <class name="Testcase_UserSongs.RecentlyPlayedStoreTest">
        <test-method signature="testRecentlyPlayedStore()[pri:0, instance:Testcase_UserSongs.RecentlyPlayedStoreTest@3cebbb30]" started-at="2023-08-08T17:57:46 IST" name="testRecentlyPlayedStore" finished-at="2023-08-08T17:57:46 IST" duration-ms="24" status="PASS">
          <reporter-output>
          </reporter-output>
        </test-method> <!-- testRecentlyPlayedStore -->
      </class> <!-- Testcase_UserSongs.RecentlyPlayedStoreTest -->
    </test> <!-- Default test -->
  </suite> <!-- Default suite -->
</testng-results>
